[debug] [2022-04-11T09:12:12.397Z] ----------------------------------------------------------------------
[debug] [2022-04-11T09:12:12.399Z] Command:       /usr/local/bin/firebase /Users/arpitbhardwaj/.cache/firebase/tools/lib/node_modules/firebase-tools/lib/bin/firebase deploy
[debug] [2022-04-11T09:12:12.399Z] CLI Version:   9.9.0
[debug] [2022-04-11T09:12:12.399Z] Platform:      darwin
[debug] [2022-04-11T09:12:12.399Z] Node Version:  v12.18.1
[debug] [2022-04-11T09:12:12.403Z] Time:          Mon Apr 11 2022 14:42:12 GMT+0530 (India Standard Time)
[debug] [2022-04-11T09:12:12.403Z] ----------------------------------------------------------------------
[debug] 
[debug] [2022-04-11T09:12:12.407Z] >>> [apiv2][query] GET https://firebase-public.firebaseio.com/cli.json [none]
[debug] [2022-04-11T09:12:12.422Z] > command requires scopes: ["email","openid","https://www.googleapis.com/auth/cloudplatformprojects.readonly","https://www.googleapis.com/auth/firebase","https://www.googleapis.com/auth/cloud-platform"]
[debug] [2022-04-11T09:12:12.423Z] > authorizing via signed-in user (bhardwajarpit24@gmail.com)
[debug] [2022-04-11T09:12:12.423Z] [iam] checking project harmony-whales for permissions ["firebase.projects.get","firebasehosting.sites.update"]
[debug] [2022-04-11T09:12:12.424Z] > refreshing access token with scopes: ["email","https://www.googleapis.com/auth/cloud-platform","https://www.googleapis.com/auth/cloudplatformprojects.readonly","https://www.googleapis.com/auth/firebase","openid"]
[debug] [2022-04-11T09:12:12.424Z] >>> HTTP REQUEST POST https://www.googleapis.com/oauth2/v3/token  
 <request body omitted>
[debug] [2022-04-11T09:12:13.000Z] <<< HTTP RESPONSE 200 {"expires":"Mon, 01 Jan 1990 00:00:00 GMT","cache-control":"no-cache, no-store, max-age=0, must-revalidate","pragma":"no-cache","date":"Mon, 11 Apr 2022 09:12:13 GMT","content-type":"application/json; charset=utf-8","vary":"X-Origin, Referer, Origin,Accept-Encoding","server":"scaffolding on HTTPServer2","x-xss-protection":"0","x-frame-options":"SAMEORIGIN","x-content-type-options":"nosniff","alt-svc":"h3=\":443\"; ma=2592000,h3-29=\":443\"; ma=2592000,h3-Q050=\":443\"; ma=2592000,h3-Q046=\":443\"; ma=2592000,h3-Q043=\":443\"; ma=2592000,quic=\":443\"; ma=2592000; v=\"46,43\"","accept-ranges":"none","transfer-encoding":"chunked"}
[debug] [2022-04-11T09:12:13.059Z] >>> HTTP REQUEST POST https://cloudresourcemanager.googleapis.com/v1/projects/harmony-whales:testIamPermissions  
 {"permissions":["firebase.projects.get","firebasehosting.sites.update"]}
[debug] [2022-04-11T09:12:14.013Z] <<< HTTP RESPONSE 200 {"content-type":"application/json; charset=UTF-8","vary":"X-Origin, Referer, Origin,Accept-Encoding","date":"Mon, 11 Apr 2022 09:12:14 GMT","server":"ESF","cache-control":"private","x-xss-protection":"0","x-frame-options":"SAMEORIGIN","x-content-type-options":"nosniff","server-timing":"gfet4t7; dur=215","alt-svc":"h3=\":443\"; ma=2592000,h3-29=\":443\"; ma=2592000,h3-Q050=\":443\"; ma=2592000,h3-Q046=\":443\"; ma=2592000,h3-Q043=\":443\"; ma=2592000,quic=\":443\"; ma=2592000; v=\"46,43\"","accept-ranges":"none","transfer-encoding":"chunked"}
[debug] [2022-04-11T09:12:14.014Z] [iam] error while checking permissions, command may fail: FirebaseError: Authorization failed. This account is missing the following required permissions on project harmony-whales:

  firebase.projects.get
  firebasehosting.sites.update
[debug] [2022-04-11T09:12:14.014Z] > refreshing access token with scopes: []
[debug] [2022-04-11T09:12:14.014Z] >>> HTTP REQUEST POST https://www.googleapis.com/oauth2/v3/token  
 <request body omitted>
[debug] [2022-04-11T09:12:14.288Z] <<< [apiv2][status] GET https://firebase-public.firebaseio.com/cli.json 200
[debug] [2022-04-11T09:12:14.288Z] <<< [apiv2][body] GET https://firebase-public.firebaseio.com/cli.json {"cloudBuildErrorAfter":1594252800000,"cloudBuildWarnAfter":1590019200000,"defaultNode10After":1594252800000,"minVersion":"3.0.5","node8DeploysDisabledAfter":1613390400000,"node8RuntimeDisabledAfter":1615809600000,"node8WarnAfter":1600128000000}
[debug] [2022-04-11T09:12:14.509Z] <<< HTTP RESPONSE 200 {"date":"Mon, 11 Apr 2022 09:12:14 GMT","pragma":"no-cache","cache-control":"no-cache, no-store, max-age=0, must-revalidate","expires":"Mon, 01 Jan 1990 00:00:00 GMT","content-type":"application/json; charset=utf-8","vary":"X-Origin, Referer, Origin,Accept-Encoding","server":"scaffolding on HTTPServer2","x-xss-protection":"0","x-frame-options":"SAMEORIGIN","x-content-type-options":"nosniff","alt-svc":"h3=\":443\"; ma=2592000,h3-29=\":443\"; ma=2592000,h3-Q050=\":443\"; ma=2592000,h3-Q046=\":443\"; ma=2592000,h3-Q043=\":443\"; ma=2592000,quic=\":443\"; ma=2592000; v=\"46,43\"","accept-ranges":"none","transfer-encoding":"chunked"}
[debug] [2022-04-11T09:12:14.572Z] >>> [apiv2][query] GET https://firebase.googleapis.com/v1beta1/projects/harmony-whales [none]
[debug] [2022-04-11T09:12:15.558Z] <<< [apiv2][status] GET https://firebase.googleapis.com/v1beta1/projects/harmony-whales 403
[debug] [2022-04-11T09:12:15.559Z] <<< [apiv2][body] GET https://firebase.googleapis.com/v1beta1/projects/harmony-whales {"error":{"code":403,"message":"The caller does not have permission","status":"PERMISSION_DENIED"}}
[debug] [2022-04-11T09:12:15.560Z] HTTP Error: 403, The caller does not have permission
[debug] [2022-04-11T09:12:15.562Z] FirebaseError: HTTP Error: 403, The caller does not have permission
    at module.exports (/Users/arpitbhardwaj/.cache/firebase/tools/lib/node_modules/firebase-tools/lib/responseToError.js:38:12)
    at Client.doRequest (/Users/arpitbhardwaj/.cache/firebase/tools/lib/node_modules/firebase-tools/lib/apiv2.js:238:23)
    at processTicksAndRejections (internal/process/task_queues.js:97:5)
    at async Client.request (/Users/arpitbhardwaj/.cache/firebase/tools/lib/node_modules/firebase-tools/lib/apiv2.js:96:20)
    at async Object.getFirebaseProject (/Users/arpitbhardwaj/.cache/firebase/tools/lib/node_modules/firebase-tools/lib/management/projects.js:290:21)
    at async Object.getDefaultHostingSite (/Users/arpitbhardwaj/.cache/firebase/tools/lib/node_modules/firebase-tools/lib/getDefaultHostingSite.js:8:21)
    at async requireHostingSite (/Users/arpitbhardwaj/.cache/firebase/tools/lib/node_modules/firebase-tools/lib/requireHostingSite.js:9:18)
    at async Object.fn (/Users/arpitbhardwaj/.cache/firebase/tools/lib/node_modules/firebase-tools/lib/commands/deploy.js:66:9)
    at async /Users/arpitbhardwaj/.cache/firebase/tools/lib/node_modules/firebase-tools/lib/command.js:169:17
[error] 
[error] Error: Failed to get Firebase project harmony-whales. Please make sure the project exists and your account has permission to access it.
